  [1m[35m (420.1ms)[0m  [1m[35mCREATE DATABASE "goal_app_development" ENCODING = 'unicode'[0m
  ↳ bin/rails:9
  [1m[35m (313.1ms)[0m  [1m[35mCREATE DATABASE "goal_app_test" ENCODING = 'unicode'[0m
  ↳ bin/rails:9
  [1m[35m (179.8ms)[0m  [1m[35mCREATE TABLE "schema_migrations" ("version" character varying NOT NULL PRIMARY KEY)[0m
  ↳ bin/rails:9
  [1m[35m (16.5ms)[0m  [1m[35mCREATE TABLE "ar_internal_metadata" ("key" character varying NOT NULL PRIMARY KEY, "value" character varying, "created_at" timestamp NOT NULL, "updated_at" timestamp NOT NULL)[0m
  ↳ bin/rails:9
  [1m[35m (1.1ms)[0m  [1m[34mSELECT pg_try_advisory_lock(540613454722062960)[0m
  ↳ bin/rails:9
  [1m[35m (14.2ms)[0m  [1m[34mSELECT "schema_migrations"."version" FROM "schema_migrations" ORDER BY "schema_migrations"."version" ASC[0m
  ↳ bin/rails:9
Migrating to CreateUser (20181116223422)
  [1m[35m (0.2ms)[0m  [1m[35mBEGIN[0m
  ↳ bin/rails:9
  [1m[35m (34.5ms)[0m  [1m[35mCREATE TABLE "users" ("id" bigserial primary key, "username" character varying NOT NULL, "password_digest" character varying NOT NULL, "session_token" character varying NOT NULL, "created_at" timestamp NOT NULL, "updated_at" timestamp NOT NULL)[0m
  ↳ db/migrate/20181116223422_create_user.rb:3
  [1m[35m (1.2ms)[0m  [1m[35mCREATE UNIQUE INDEX  "index_users_on_username" ON "users"  ("username")[0m
  ↳ db/migrate/20181116223422_create_user.rb:9
  [1m[36mActiveRecord::SchemaMigration Create (1.4ms)[0m  [1m[32mINSERT INTO "schema_migrations" ("version") VALUES ($1) RETURNING "version"[0m  [["version", "20181116223422"]]
  ↳ bin/rails:9
  [1m[35m (1.9ms)[0m  [1m[35mCOMMIT[0m
  ↳ bin/rails:9
  [1m[36mActiveRecord::InternalMetadata Load (15.7ms)[0m  [1m[34mSELECT  "ar_internal_metadata".* FROM "ar_internal_metadata" WHERE "ar_internal_metadata"."key" = $1 LIMIT $2[0m  [["key", "environment"], ["LIMIT", 1]]
  ↳ bin/rails:9
  [1m[35m (0.3ms)[0m  [1m[35mBEGIN[0m
  ↳ bin/rails:9
  [1m[36mActiveRecord::InternalMetadata Create (0.8ms)[0m  [1m[32mINSERT INTO "ar_internal_metadata" ("key", "value", "created_at", "updated_at") VALUES ($1, $2, $3, $4) RETURNING "key"[0m  [["key", "environment"], ["value", "development"], ["created_at", "2018-11-16 22:36:57.768160"], ["updated_at", "2018-11-16 22:36:57.768160"]]
  ↳ bin/rails:9
  [1m[35m (0.4ms)[0m  [1m[35mCOMMIT[0m
  ↳ bin/rails:9
  [1m[35m (0.3ms)[0m  [1m[34mSELECT pg_advisory_unlock(540613454722062960)[0m
  ↳ bin/rails:9
  [1m[35m (0.7ms)[0m  [1m[34mSELECT "schema_migrations"."version" FROM "schema_migrations" ORDER BY "schema_migrations"."version" ASC[0m
  ↳ bin/rails:9
  [1m[35m (2.4ms)[0m  [1m[34mSELECT "schema_migrations"."version" FROM "schema_migrations" ORDER BY "schema_migrations"."version" ASC[0m
  ↳ /usr/local/var/rbenv/versions/2.5.0/bin/annotate:23
